d:\cppprojects\repos\pattern_strategy\main_strategy\main_strategy\debug\vc141.pdb
d:\cppprojects\repos\pattern_strategy\main_strategy\main_strategy\debug\vc141.idb
d:\cppprojects\repos\pattern_strategy\main_strategy\main_strategy\debug\main_strategy.obj
d:\cppprojects\repos\pattern_strategy\main_strategy\main_strategy\debug\classes.obj
d:\cppprojects\repos\pattern_strategy\main_strategy\debug\main_strategy.ilk
d:\cppprojects\repos\pattern_strategy\main_strategy\debug\main_strategy.exe
d:\cppprojects\repos\pattern_strategy\main_strategy\debug\main_strategy.pdb
d:\cppprojects\repos\pattern_strategy\main_strategy\main_strategy\debug\stdafx.obj
d:\cppprojects\repos\pattern_strategy\main_strategy\main_strategy\debug\main_strategy.pch
d:\cppprojects\repos\pattern_strategy\main_strategy\main_strategy\debug\main_strategy.tlog\cl.command.1.tlog
d:\cppprojects\repos\pattern_strategy\main_strategy\main_strategy\debug\main_strategy.tlog\cl.read.1.tlog
d:\cppprojects\repos\pattern_strategy\main_strategy\main_strategy\debug\main_strategy.tlog\cl.write.1.tlog
d:\cppprojects\repos\pattern_strategy\main_strategy\main_strategy\debug\main_strategy.tlog\link.17156-cvtres.read.1.tlog
d:\cppprojects\repos\pattern_strategy\main_strategy\main_strategy\debug\main_strategy.tlog\link.17156-cvtres.write.1.tlog
d:\cppprojects\repos\pattern_strategy\main_strategy\main_strategy\debug\main_strategy.tlog\link.17156-rc.read.1.tlog
d:\cppprojects\repos\pattern_strategy\main_strategy\main_strategy\debug\main_strategy.tlog\link.17156-rc.write.1.tlog
d:\cppprojects\repos\pattern_strategy\main_strategy\main_strategy\debug\main_strategy.tlog\link.17156.read.1.tlog
d:\cppprojects\repos\pattern_strategy\main_strategy\main_strategy\debug\main_strategy.tlog\link.17156.write.1.tlog
d:\cppprojects\repos\pattern_strategy\main_strategy\main_strategy\debug\main_strategy.tlog\link.command.1.tlog
d:\cppprojects\repos\pattern_strategy\main_strategy\main_strategy\debug\main_strategy.tlog\link.read.1.tlog
d:\cppprojects\repos\pattern_strategy\main_strategy\main_strategy\debug\main_strategy.tlog\link.write.1.tlog
